<tinitiate><training><course>JAVA</course><course>UNIX</course><course>PERL</course><course>PYTHON</course></training><code id="1">Python File Reading</code><code id="2">Python File Writing</code></tinitiate>